PROLOGUE: [size=76]
0x300000000:  a9ba7bfd  stp      x29, x30, [sp, #-0x60]!
0x300000004:  910003fd  mov      x29, sp
0x300000008:  a90153f3  stp      x19, x20, [sp, #0x10]
0x30000000c:  a9025bf5  stp      x21, x22, [sp, #0x20]
0x300000010:  a90363f7  stp      x23, x24, [sp, #0x30]
0x300000014:  a9046bf9  stp      x25, x26, [sp, #0x40]
0x300000018:  a90573fb  stp      x27, x28, [sp, #0x50]
0x30000001c:  d11203ff  sub      sp, sp, #0x480
0x300000020:  aa0003f3  mov      x19, x0
0x300000024:  d61f0020  br       x1
0x300000028:  52800000  mov      w0, #0
0x30000002c:  911203ff  add      sp, sp, #0x480
0x300000030:  a94153f3  ldp      x19, x20, [sp, #0x10]
0x300000034:  a9425bf5  ldp      x21, x22, [sp, #0x20]
0x300000038:  a94363f7  ldp      x23, x24, [sp, #0x30]
0x30000003c:  a9446bf9  ldp      x25, x26, [sp, #0x40]
0x300000040:  a94573fb  ldp      x27, x28, [sp, #0x50]
0x300000044:  a8c67bfd  ldp      x29, x30, [sp], #0x60
0x300000048:  d65f03c0  ret      

CPU Reset (CPU 0)
R00=00000000 R01=00000000 R02=00000000 R03=00000000
R04=00000000 R05=00000000 R06=00000000 R07=00000000
R08=00000000 R09=00000000 R10=00000000 R11=00000000
R12=00000000 R13=00000000 R14=00000000 R15=00000000
PSR=40000000 -Z-- A usr26
CPU Reset (CPU 0)
 PC=0000000000000000 X00=0000000000000000 X01=0000000000000000
X02=0000000000000000 X03=0000000000000000 X04=0000000000000000
X05=0000000000000000 X06=0000000000000000 X07=0000000000000000
X08=0000000000000000 X09=0000000000000000 X10=0000000000000000
X11=0000000000000000 X12=0000000000000000 X13=0000000000000000
X14=0000000000000000 X15=0000000000000000 X16=0000000000000000
X17=0000000000000000 X18=0000000000000000 X19=0000000000000000
X20=0000000000000000 X21=0000000000000000 X22=0000000000000000
X23=0000000000000000 X24=0000000000000000 X25=0000000000000000
X26=0000000000000000 X27=0000000000000000 X28=0000000000000000
X29=0000000000000000 X30=0000000000000000  SP=0000000000000000
PSTATE=400003c5 -Z-- EL1h
CPU Reset (CPU 0)
 PC=0000000000000000 X00=0000000000000000 X01=0000000000000000
X02=0000000000000000 X03=0000000000000000 X04=0000000000000000
X05=0000000000000000 X06=0000000000000000 X07=0000000000000000
X08=0000000000000000 X09=0000000000000000 X10=0000000000000000
X11=0000000000000000 X12=0000000000000000 X13=0000000000000000
X14=0000000000000000 X15=0000000000000000 X16=0000000000000000
X17=0000000000000000 X18=0000000000000000 X19=0000000000000000
X20=0000000000000000 X21=0000000000000000 X22=0000000000000000
X23=0000000000000000 X24=0000000000000000 X25=0000000000000000
X26=0000000000000000 X27=0000000000000000 X28=0000000000000000
X29=0000000000000000 X30=0000000000000000  SP=0000000000000000
PSTATE=400003c5 -Z-- EL1h
